<?xml version="1.0" encoding="UTF-8"?>
<!-- Generated by org.testng.reporters.JUnitXMLReporter -->
<testsuite ignored="0" hostname="LAPTOP-O5JPRBJ0" failures="0" tests="2" name="Gosee Booking" time="0.036" errors="0" timestamp="2022-11-22T12:32:27 NZDT">
  <testcase classname="demo.APRBrowsertestcases2" name="@BeforeMethod setUp" time="-1.669073547153E9">
    <failure type="org.testng.TestNGException" message="
Parameter &amp;apos;browser&amp;apos; is required by BeforeMethod on method setUp but has not been marked @Optional or defined
in C:\Users\SumalathaNallavelli\eclipse-workspace\LambdaTestDemo\testng.xml">
      <![CDATA[org.testng.TestNGException: 
Parameter 'browser' is required by BeforeMethod on method setUp but has not been marked @Optional or defined
in C:\Users\SumalathaNallavelli\eclipse-workspace\LambdaTestDemo\testng.xml
at java.base/java.util.concurrent.ThreadPoolExecutor.runWorker(ThreadPoolExecutor.java:1136)
at java.base/java.util.concurrent.ThreadPoolExecutor$Worker.run(ThreadPoolExecutor.java:635)
at java.base/java.lang.Thread.run(Thread.java:833)
... Removed 13 stack frames]]>
    </failure>
  </testcase> <!-- @BeforeMethod setUp -->
  <testcase classname="demo.APRBrowsertestcases1" name="@BeforeMethod setUp" time="-1.669073547153E9">
    <failure type="org.testng.TestNGException" message="
Parameter &amp;apos;browser&amp;apos; is required by BeforeMethod on method setUp but has not been marked @Optional or defined
in C:\Users\SumalathaNallavelli\eclipse-workspace\LambdaTestDemo\testng.xml">
      <![CDATA[org.testng.TestNGException: 
Parameter 'browser' is required by BeforeMethod on method setUp but has not been marked @Optional or defined
in C:\Users\SumalathaNallavelli\eclipse-workspace\LambdaTestDemo\testng.xml
at java.base/java.util.concurrent.ThreadPoolExecutor.runWorker(ThreadPoolExecutor.java:1136)
at java.base/java.util.concurrent.ThreadPoolExecutor$Worker.run(ThreadPoolExecutor.java:635)
at java.base/java.lang.Thread.run(Thread.java:833)
... Removed 13 stack frames]]>
    </failure>
  </testcase> <!-- @BeforeMethod setUp -->
  <testcase classname="demo.APRBrowsertestcases1" name="@AfterMethod tearDown" time="-1.669073547167E9">
    <skipped/>
  </testcase> <!-- @AfterMethod tearDown -->
  <testcase classname="demo.APRBrowsertestcases2" name="@AfterMethod tearDown" time="-1.669073547168E9">
    <skipped/>
  </testcase> <!-- @AfterMethod tearDown -->
  <testcase classname="demo.APRBrowsertestcases1" name="login" time="0.0">
    <skipped/>
  </testcase> <!-- login -->
  <testcase classname="demo.APRBrowsertestcases2" name="login" time="0.0">
    <skipped/>
  </testcase> <!-- login -->
</testsuite> <!-- Gosee Booking -->
